<?xml version="1.0" encoding="UTF-8"?>
<!-- Generated by org.testng.reporters.JUnitReportReporter -->
<testsuite hostname="Srikanth" failures="0" tests="3" name="com.EcommerceProject.Qa.TestCases.RegisterAccount" time="21.590" errors="0" timestamp="2025-01-30T14:09:00 IST" skipped="0">
  <testcase classname="com.EcommerceProject.Qa.TestCases.RegisterAccount" name="verifyRegisterProvidingOnlyMandotoryFields" time="7.502"/>
  <testcase classname="com.EcommerceProject.Qa.TestCases.RegisterAccount" name="verifyRegisterProvidingDifferentpasswords" time="6.399"/>
  <testcase classname="com.EcommerceProject.Qa.TestCases.RegisterAccount" name="verfiyRegisterAccountWithoutProvidingAnyDetails" time="7.689"/>
</testsuite> <!-- com.EcommerceProject.Qa.TestCases.RegisterAccount -->
